#
# A fatal error has been detected by the Java Runtime Environment:
#
#  SIGSEGV (0xb) at pc=0x00007fff932eb571, pid=55461, tid=23043
#
# JRE version: Java(TM) SE Runtime Environment (7.0_51-b13) (build 1.7.0_51-b13)
# Java VM: Java HotSpot(TM) 64-Bit Server VM (24.51-b03 mixed mode bsd-amd64 compressed oops)
# Problematic frame:
# C  [libsystem_platform.dylib+0x5571]  _platform_memmove$VARIANT$Merom+0x331
#
# Failed to write core dump. Core dumps have been disabled. To enable core dumping, try "ulimit -c unlimited" before starting Java again
#
# If you would like to submit a bug report, please visit:
#   http://bugreport.sun.com/bugreport/crash.jsp
# The crash happened outside the Java Virtual Machine in native code.
# See problematic frame for where to report the bug.
#

---------------  T H R E A D  ---------------

Current thread (0x00007fa71dee4000):  JavaThread "Scanner-0" daemon [_thread_in_native, id=23043, stack(0x0000000111aac000,0x0000000111bac000)]

siginfo:si_signo=SIGSEGV: si_errno=0, si_code=1 (SEGV_MAPERR), si_addr=0x0000000110741000

Registers:
RAX=0x00007fff932eb559, RBX=0x0000000110740a18, RCX=0xffffffffffff9740, RDX=0x0000000000000021
RSP=0x0000000111ba8d70, RBP=0x0000000111ba8d70, RSI=0x0000000110747886, RDI=0x00007fa720827040
R8 =0x00007fff932eb2cc, R9 =0x00007fa71fde6400, R10=0x00007fa71e481000, R11=0x00007fa720820200
R12=0x000000007276696c, R13=0x000000007a530008, R14=0x0000000065622f6f, R15=0x0000000000002f73
RIP=0x00007fff932eb571, EFLAGS=0x0000000000010282, ERR=0x0000000000000004
  TRAPNO=0x000000000000000e

Top of Stack: (sp=0x0000000111ba8d70)
0x0000000111ba8d70:   0000000111ba8de0 000000010476022b
0x0000000111ba8d80:   0000007300000001 000000000000002f
0x0000000111ba8d90:   0000000000004b50 00007fa720820200
0x0000000111ba8da0:   0000000000006e61 00007fa71968cb60
0x0000000111ba8db0:   00007fa71e481000 000000007f6dd0ef
0x0000000111ba8dc0:   0000000000000090 00007fa71968cd20
0x0000000111ba8dd0:   00007fa71968cb60 00007fa71e2c83f0
0x0000000111ba8de0:   0000000111ba8e30 0000000104760725
0x0000000111ba8df0:   000000000000003f 0000003f1dee4000
0x0000000111ba8e00:   0000000111ba8e4e 0000000111ba9298
0x0000000111ba8e10:   000000000000003f 0000000111ba8e4e
0x0000000111ba8e20:   00007fa71968cb60 00007fa71dee41e8
0x0000000111ba8e30:   0000000111ba9280 000000010475f570
0x0000000111ba8e40:   0000000111ba8e60 7262000700000001
0x0000000111ba8e50:   73656a2f6d6f632f 6e6172696d2f7375
0x0000000111ba8e60:   696c6c69772f6164 6e65746f762f6d61
0x0000000111ba8e70:   622f6f7276696c6f 7361422f736e6165
0x0000000111ba8e80:   2e797469746e4565 0000007373616c63
0x0000000111ba8e90:   0000000611ba8eb0 00000001050ff16b
0x0000000111ba8ea0:   0000000000000000 0000000111ba8f08
0x0000000111ba8eb0:   0000000111ba8ef0 000000010511e4a1
0x0000000111ba8ec0:   0000000000000000 0000000000000000
0x0000000111ba8ed0:   0000000000000000 0000000000000035
0x0000000111ba8ee0:   0000000111ba8f08 00007fa71dee4000
0x0000000111ba8ef0:   0000000111ba9520 00000001050ed4f2
0x0000000111ba8f00:   000000010461ea00 0000000111ba9600
0x0000000111ba8f10:   000000010599def8 000000010599dd50
0x0000000111ba8f20:   0000000700000000 0000000000000000
0x0000000111ba8f30:   0000000111ba9600 000000077ae02b68
0x0000000111ba8f40:   0000000111ba9690 0000000104de83e8
0x0000000111ba8f50:   0000000ce66bac10 000000000000003d
0x0000000111ba8f60:   00000000e66c5650 000000077e318b10 

Instructions: (pc=0x00007fff932eb571)
0x00007fff932eb551:   40 75 ab e9 ff fc ff ff 66 0f 6f 44 0e fa 66 0f
0x00007fff932eb561:   6f 4c 0e 0a 66 0f 6f 54 0e 1a 66 0f 6f 5c 0e 2a
0x00007fff932eb571:   66 0f 6f 64 0e 3a 66 0f 6f e8 66 0f 6f c4 66 0f
0x00007fff932eb581:   3a 0f e3 06 66 0f 3a 0f da 06 66 0f 3a 0f d1 06 

Register to memory mapping:

RAX=0x00007fff932eb559: _platform_memmove$VARIANT$Merom+0x319 in /usr/lib/system/libsystem_platform.dylib at 0x00007fff932e6000
RBX=0x0000000110740a18 is an unknown value
RCX=0xffffffffffff9740 is an unknown value
RDX=0x0000000000000021 is an unknown value
RSP=0x0000000111ba8d70 is pointing into the stack for thread: 0x00007fa71dee4000
RBP=0x0000000111ba8d70 is pointing into the stack for thread: 0x00007fa71dee4000
RSI=0x0000000110747886 is an unknown value
RDI=0x00007fa720827040 is an unknown value
R8 =0x00007fff932eb2cc: _platform_memmove$VARIANT$Merom+0x8c in /usr/lib/system/libsystem_platform.dylib at 0x00007fff932e6000
R9 =0x00007fa71fde6400 is an unknown value
R10=0x00007fa71e481000 is an unknown value
R11=0x00007fa720820200 is an unknown value
R12=0x000000007276696c is an unknown value
R13=0x000000007a530008 is an unknown value
R14=0x0000000065622f6f is an unknown value
R15=0x0000000000002f73 is an unknown value


Stack: [0x0000000111aac000,0x0000000111bac000],  sp=0x0000000111ba8d70,  free space=1011k
Native frames: (J=compiled Java code, j=interpreted, Vv=VM code, C=native code)
C  [libsystem_platform.dylib+0x5571]  _platform_memmove$VARIANT$Merom+0x331
C  [libzip.dylib+0x322b]  newEntry+0x2c8
C  [libzip.dylib+0x3725]  ZIP_GetEntry+0xa2
C  [libzip.dylib+0x2570]  Java_java_util_zip_ZipFile_getEntry+0xdd
J  java.util.zip.ZipFile.getEntry(J[BZ)J

Java frames: (J=compiled Java code, j=interpreted, Vv=VM code)
J  java.util.zip.ZipFile.getEntry(J[BZ)J
J  java.util.jar.JarFile.getEntry(Ljava/lang/String;)Ljava/util/zip/ZipEntry;
J  sun.net.www.protocol.jar.JarURLConnection.connect()V
J  sun.net.www.protocol.jar.JarURLConnection.getInputStream()Ljava/io/InputStream;
j  java.net.URLClassLoader.getResourceAsStream(Ljava/lang/String;)Ljava/io/InputStream;+18
j  org.springframework.core.io.ClassPathResource.getInputStream()Ljava/io/InputStream;+37
j  org.springframework.core.type.classreading.SimpleMetadataReader.<init>(Lorg/springframework/core/io/Resource;Ljava/lang/ClassLoader;)V+9
j  org.springframework.core.type.classreading.SimpleMetadataReaderFactory.getMetadataReader(Lorg/springframework/core/io/Resource;)Lorg/springframework/core/type/classreading/MetadataReader;+14
j  org.springframework.core.type.classreading.CachingMetadataReaderFactory.getMetadataReader(Lorg/springframework/core/io/Resource;)Lorg/springframework/core/type/classreading/MetadataReader;+40
j  org.springframework.core.type.classreading.SimpleMetadataReaderFactory.getMetadataReader(Ljava/lang/String;)Lorg/springframework/core/type/classreading/MetadataReader;+158
j  org.springframework.core.type.filter.AbstractTypeHierarchyTraversingFilter.match(Ljava/lang/String;Lorg/springframework/core/type/classreading/MetadataReaderFactory;)Z+3
j  org.springframework.core.type.filter.AbstractTypeHierarchyTraversingFilter.match(Lorg/springframework/core/type/classreading/MetadataReader;Lorg/springframework/core/type/classreading/MetadataReaderFactory;)Z+83
j  org.springframework.context.annotation.ClassPathScanningCandidateComponentProvider.isCandidateComponent(Lorg/springframework/core/type/classreading/MetadataReader;)Z+83
j  org.springframework.context.annotation.ClassPathScanningCandidateComponentProvider.findCandidateComponents(Ljava/lang/String;)Ljava/util/Set;+164
j  org.springframework.data.repository.config.RepositoryComponentProvider.findCandidateComponents(Ljava/lang/String;)Ljava/util/Set;+2
j  org.springframework.data.repository.config.RepositoryConfigurationSourceSupport.getCandidates(Lorg/springframework/core/io/ResourceLoader;)Ljava/util/Collection;+116
j  org.springframework.data.repository.config.RepositoryConfigurationExtensionSupport.getRepositoryConfigurations(Lorg/springframework/data/repository/config/RepositoryConfigurationSource;Lorg/springframework/core/io/ResourceLoader;Z)Ljava/util/Collection;+19
j  org.springframework.data.repository.config.RepositoryConfigurationDelegate.registerRepositoriesIn(Lorg/springframework/beans/factory/support/BeanDefinitionRegistry;Lorg/springframework/data/repository/config/RepositoryConfigurationExtension;)Ljava/util/List;+51
j  org.springframework.data.repository.config.RepositoryBeanDefinitionParser.parse(Lorg/w3c/dom/Element;Lorg/springframework/beans/factory/xml/ParserContext;)Lorg/springframework/beans/factory/config/BeanDefinition;+68
j  org.springframework.beans.factory.xml.NamespaceHandlerSupport.parse(Lorg/w3c/dom/Element;Lorg/springframework/beans/factory/xml/ParserContext;)Lorg/springframework/beans/factory/config/BeanDefinition;+8
j  org.springframework.beans.factory.xml.BeanDefinitionParserDelegate.parseCustomElement(Lorg/w3c/dom/Element;Lorg/springframework/beans/factory/config/BeanDefinition;)Lorg/springframework/beans/factory/config/BeanDefinition;+74
j  org.springframework.beans.factory.xml.BeanDefinitionParserDelegate.parseCustomElement(Lorg/w3c/dom/Element;)Lorg/springframework/beans/factory/config/BeanDefinition;+3
j  org.springframework.beans.factory.xml.DefaultBeanDefinitionDocumentReader.parseBeanDefinitions(Lorg/w3c/dom/Element;Lorg/springframework/beans/factory/xml/BeanDefinitionParserDelegate;)V+76
j  org.springframework.beans.factory.xml.DefaultBeanDefinitionDocumentReader.doRegisterBeanDefinitions(Lorg/w3c/dom/Element;)V+83
j  org.springframework.beans.factory.xml.DefaultBeanDefinitionDocumentReader.registerBeanDefinitions(Lorg/w3c/dom/Document;Lorg/springframework/beans/factory/xml/XmlReaderContext;)V+25
j  org.springframework.beans.factory.xml.XmlBeanDefinitionReader.registerBeanDefinitions(Lorg/w3c/dom/Document;Lorg/springframework/core/io/Resource;)I+33
j  org.springframework.beans.factory.xml.XmlBeanDefinitionReader.doLoadBeanDefinitions(Lorg/xml/sax/InputSource;Lorg/springframework/core/io/Resource;)I+10
j  org.springframework.beans.factory.xml.XmlBeanDefinitionReader.loadBeanDefinitions(Lorg/springframework/core/io/support/EncodedResource;)I+166
j  org.springframework.beans.factory.xml.XmlBeanDefinitionReader.loadBeanDefinitions(Lorg/springframework/core/io/Resource;)I+9
j  org.springframework.beans.factory.support.AbstractBeanDefinitionReader.loadBeanDefinitions([Lorg/springframework/core/io/Resource;)I+34
j  org.springframework.beans.factory.support.AbstractBeanDefinitionReader.loadBeanDefinitions(Ljava/lang/String;Ljava/util/Set;)I+63
j  org.springframework.beans.factory.xml.DefaultBeanDefinitionDocumentReader.importBeanDefinitionResource(Lorg/w3c/dom/Element;)V+96
j  org.springframework.beans.factory.xml.DefaultBeanDefinitionDocumentReader.parseDefaultElement(Lorg/w3c/dom/Element;Lorg/springframework/beans/factory/xml/BeanDefinitionParserDelegate;)V+12
j  org.springframework.beans.factory.xml.DefaultBeanDefinitionDocumentReader.parseBeanDefinitions(Lorg/w3c/dom/Element;Lorg/springframework/beans/factory/xml/BeanDefinitionParserDelegate;)V+67
j  org.springframework.beans.factory.xml.DefaultBeanDefinitionDocumentReader.doRegisterBeanDefinitions(Lorg/w3c/dom/Element;)V+83
j  org.springframework.beans.factory.xml.DefaultBeanDefinitionDocumentReader.registerBeanDefinitions(Lorg/w3c/dom/Document;Lorg/springframework/beans/factory/xml/XmlReaderContext;)V+25
j  org.springframework.beans.factory.xml.XmlBeanDefinitionReader.registerBeanDefinitions(Lorg/w3c/dom/Document;Lorg/springframework/core/io/Resource;)I+33
j  org.springframework.beans.factory.xml.XmlBeanDefinitionReader.doLoadBeanDefinitions(Lorg/xml/sax/InputSource;Lorg/springframework/core/io/Resource;)I+10
j  org.springframework.beans.factory.xml.XmlBeanDefinitionReader.loadBeanDefinitions(Lorg/springframework/core/io/support/EncodedResource;)I+166
j  org.springframework.beans.factory.xml.XmlBeanDefinitionReader.loadBeanDefinitions(Lorg/springframework/core/io/Resource;)I+9
j  org.springframework.beans.factory.support.AbstractBeanDefinitionReader.loadBeanDefinitions([Lorg/springframework/core/io/Resource;)I+34
j  org.springframework.beans.factory.support.AbstractBeanDefinitionReader.loadBeanDefinitions(Ljava/lang/String;Ljava/util/Set;)I+63
j  org.springframework.beans.factory.xml.DefaultBeanDefinitionDocumentReader.importBeanDefinitionResource(Lorg/w3c/dom/Element;)V+96
j  org.springframework.beans.factory.xml.DefaultBeanDefinitionDocumentReader.parseDefaultElement(Lorg/w3c/dom/Element;Lorg/springframework/beans/factory/xml/BeanDefinitionParserDelegate;)V+12
j  org.springframework.beans.factory.xml.DefaultBeanDefinitionDocumentReader.parseBeanDefinitions(Lorg/w3c/dom/Element;Lorg/springframework/beans/factory/xml/BeanDefinitionParserDelegate;)V+67
j  org.springframework.beans.factory.xml.DefaultBeanDefinitionDocumentReader.doRegisterBeanDefinitions(Lorg/w3c/dom/Element;)V+83
j  org.springframework.beans.factory.xml.DefaultBeanDefinitionDocumentReader.registerBeanDefinitions(Lorg/w3c/dom/Document;Lorg/springframework/beans/factory/xml/XmlReaderContext;)V+25
j  org.springframework.beans.factory.xml.XmlBeanDefinitionReader.registerBeanDefinitions(Lorg/w3c/dom/Document;Lorg/springframework/core/io/Resource;)I+33
j  org.springframework.beans.factory.xml.XmlBeanDefinitionReader.doLoadBeanDefinitions(Lorg/xml/sax/InputSource;Lorg/springframework/core/io/Resource;)I+10
j  org.springframework.beans.factory.xml.XmlBeanDefinitionReader.loadBeanDefinitions(Lorg/springframework/core/io/support/EncodedResource;)I+166
j  org.springframework.beans.factory.xml.XmlBeanDefinitionReader.loadBeanDefinitions(Lorg/springframework/core/io/Resource;)I+9
j  org.springframework.beans.factory.support.AbstractBeanDefinitionReader.loadBeanDefinitions([Lorg/springframework/core/io/Resource;)I+34
j  org.springframework.beans.factory.support.AbstractBeanDefinitionReader.loadBeanDefinitions(Ljava/lang/String;Ljava/util/Set;)I+63
j  org.springframework.beans.factory.support.AbstractBeanDefinitionReader.loadBeanDefinitions(Ljava/lang/String;)I+3
j  org.springframework.web.context.support.XmlWebApplicationContext.loadBeanDefinitions(Lorg/springframework/beans/factory/xml/XmlBeanDefinitionReader;)V+34
j  org.springframework.web.context.support.XmlWebApplicationContext.loadBeanDefinitions(Lorg/springframework/beans/factory/support/DefaultListableBeanFactory;)V+41
j  org.springframework.context.support.AbstractRefreshableApplicationContext.refreshBeanFactory()V+35
j  org.springframework.context.support.AbstractApplicationContext.obtainFreshBeanFactory()Lorg/springframework/beans/factory/config/ConfigurableListableBeanFactory;+1
j  org.springframework.context.support.AbstractApplicationContext.refresh()V+12
j  org.springframework.web.context.ContextLoader.configureAndRefreshWebApplicationContext(Lorg/springframework/web/context/ConfigurableWebApplicationContext;Ljavax/servlet/ServletContext;)V+135
j  org.springframework.web.context.ContextLoader.initWebApplicationContext(Ljavax/servlet/ServletContext;)Lorg/springframework/web/context/WebApplicationContext;+132
j  org.springframework.web.context.ContextLoaderListener.contextInitialized(Ljavax/servlet/ServletContextEvent;)V+5
j  org.eclipse.jetty.server.handler.ContextHandler.callContextInitialized(Ljavax/servlet/ServletContextListener;Ljavax/servlet/ServletContextEvent;)V+35
j  org.eclipse.jetty.servlet.ServletContextHandler.callContextInitialized(Ljavax/servlet/ServletContextListener;Ljavax/servlet/ServletContextEvent;)V+19
j  org.eclipse.jetty.server.handler.ContextHandler.startContext()V+193
j  org.eclipse.jetty.servlet.ServletContextHandler.startContext()V+124
j  org.eclipse.jetty.webapp.WebAppContext.startWebapp()V+1
j  org.eclipse.jetty.maven.plugin.JettyWebAppContext.startWebapp()V+142
j  org.eclipse.jetty.webapp.WebAppContext.startContext()V+13
j  org.eclipse.jetty.server.handler.ContextHandler.doStart()V+134
j  org.eclipse.jetty.webapp.WebAppContext.doStart()V+16
j  org.eclipse.jetty.maven.plugin.JettyWebAppContext.doStart()V+367
j  org.eclipse.jetty.util.component.AbstractLifeCycle.start()V+31
j  org.eclipse.jetty.maven.plugin.JettyRunMojo.restartWebApp(Z)V+272
j  org.eclipse.jetty.maven.plugin.JettyRunMojo$1.filesChanged(Ljava/util/List;)V+25
j  org.eclipse.jetty.util.Scanner.reportBulkChanges(Ljava/util/List;)V+41
j  org.eclipse.jetty.util.Scanner.reportDifferences(Ljava/util/Map;Ljava/util/Map;)V+632
j  org.eclipse.jetty.util.Scanner.scan()V+28
j  org.eclipse.jetty.util.Scanner$1.run()V+4
j  java.util.TimerThread.mainLoop()V+221
j  java.util.TimerThread.run()V+1
v  ~StubRoutines::call_stub

---------------  P R O C E S S  ---------------

Java Threads: ( => current thread )
  0x00007fa71c480800 JavaThread "org.eclipse.jetty.server.session.HashSessionManager@49180935Timer" daemon [_thread_blocked, id=12043, stack(0x0000000111baf000,0x0000000111caf000)]
=>0x00007fa71dee4000 JavaThread "Scanner-0" daemon [_thread_in_native, id=23043, stack(0x0000000111aac000,0x0000000111bac000)]
  0x00007fa71bb03000 JavaThread "derby.rawStoreDaemon" daemon [_thread_blocked, id=22531, stack(0x0000000110bdd000,0x0000000110cdd000)]
  0x00007fa71b66a800 JavaThread "Timer-0" daemon [_thread_blocked, id=22019, stack(0x00000001119a9000,0x0000000111aa9000)]
  0x00007fa71b44c800 JavaThread "Abandoned connection cleanup thread" daemon [_thread_blocked, id=11015, stack(0x0000000110f20000,0x0000000111020000)]
  0x00007fa719e3d000 JavaThread "qtp433502773-18" [_thread_in_native, id=21507, stack(0x0000000111808000,0x0000000111908000)]
  0x00007fa719c2a000 JavaThread "qtp433502773-17" [_thread_blocked, id=20995, stack(0x0000000111705000,0x0000000111805000)]
  0x00007fa719aa4800 JavaThread "qtp433502773-16" [_thread_blocked, id=20483, stack(0x0000000111602000,0x0000000111702000)]
  0x00007fa71a4c5800 JavaThread "qtp433502773-15" [_thread_blocked, id=19971, stack(0x00000001114ff000,0x00000001115ff000)]
  0x00007fa719b3c800 JavaThread "qtp433502773-14" [_thread_blocked, id=19459, stack(0x00000001113fc000,0x00000001114fc000)]
  0x00007fa71a5b8800 JavaThread "qtp433502773-13" [_thread_blocked, id=18947, stack(0x00000001112f9000,0x00000001113f9000)]
  0x00007fa71a471000 JavaThread "qtp433502773-12-acceptor-0@8df2b24-ServerConnector@73894d08{HTTP/1.1,[http/1.1]}{0.0.0.0:8080}" [_thread_in_native, id=18435, stack(0x00000001111f6000,0x00000001112f6000)]
  0x00007fa71a2e1000 JavaThread "qtp433502773-11" [_thread_blocked, id=17923, stack(0x00000001110f3000,0x00000001111f3000)]
  0x00007fa71a072800 JavaThread "ShutdownMonitor" daemon [_thread_in_native, id=17411, stack(0x0000000110ddc000,0x0000000110edc000)]
  0x00007fa71986f800 JavaThread "Service Thread" daemon [_thread_blocked, id=16387, stack(0x00000001101b3000,0x00000001102b3000)]
  0x00007fa719853800 JavaThread "C2 CompilerThread1" daemon [_thread_in_native, id=15875, stack(0x00000001100b0000,0x00000001101b0000)]
  0x00007fa71a03b000 JavaThread "C2 CompilerThread0" daemon [_thread_blocked, id=15363, stack(0x000000010ffad000,0x00000001100ad000)]
  0x00007fa71a033800 JavaThread "Signal Dispatcher" daemon [_thread_blocked, id=11787, stack(0x000000010feaa000,0x000000010ffaa000)]
  0x00007fa71a015000 JavaThread "Finalizer" daemon [_thread_blocked, id=10499, stack(0x000000010e5ff000,0x000000010e6ff000)]
  0x00007fa71984b000 JavaThread "Reference Handler" daemon [_thread_blocked, id=9987, stack(0x000000010e4fc000,0x000000010e5fc000)]
  0x00007fa71980e000 JavaThread "main" [_thread_blocked, id=4867, stack(0x0000000105654000,0x0000000105754000)]

Other Threads:
  0x00007fa71984a800 VMThread [stack: 0x000000010e3f9000,0x000000010e4f9000] [id=9475]
  0x00007fa719878800 WatcherThread [stack: 0x00000001102b6000,0x00000001103b6000] [id=16899]

VM state:not at safepoint (normal execution)

VM Mutex/Monitor currently owned by a thread: None

Heap
 PSYoungGen      total 381952K, used 330051K [0x00000007d5500000, 0x00000007f0c00000, 0x0000000800000000)
  eden space 330752K, 84% used [0x00000007d5500000,0x00000007e6719be8,0x00000007e9800000)
  from space 51200K, 96% used [0x00000007ed480000,0x00000007f04b7318,0x00000007f0680000)
  to   space 59392K, 0% used [0x00000007e9800000,0x00000007e9800000,0x00000007ed200000)
 ParOldGen       total 125952K, used 53904K [0x0000000780000000, 0x0000000787b00000, 0x00000007d5500000)
  object space 125952K, 42% used [0x0000000780000000,0x00000007834a4278,0x0000000787b00000)
 PSPermGen       total 55296K, used 54987K [0x000000077ae00000, 0x000000077e400000, 0x0000000780000000)
  object space 55296K, 99% used [0x000000077ae00000,0x000000077e3b2f58,0x000000077e400000)

Card table byte_map: [0x0000000108816000,0x0000000108c40000] byte_map_base: 0x0000000104c3f000

Polling page: 0x0000000104753000

Code Cache  [0x0000000105756000, 0x0000000105b26000, 0x0000000108756000)
 total_blobs=1701 nmethods=1091 adapters=562 free_code_cache=45408Kb largest_free_block=46387968

Compilation events (10 events):
Event: 191,124 Thread 0x00007fa71a03b000 nmethod 1219 0x000000010588b1d0 code [0x000000010588b360, 0x000000010588b878]
Event: 191,151 Thread 0x00007fa719853800 1220             org.springframework.asm.ClassReader::readUnsignedShort (26 bytes)
Event: 191,152 Thread 0x00007fa719853800 nmethod 1220 0x000000010588ae90 code [0x000000010588afe0, 0x000000010588b0b8]
Event: 191,178 Thread 0x00007fa719853800 1221             org.springframework.asm.ClassReader::readCode (3343 bytes)
Event: 191,183 Thread 0x00007fa71a03b000 1222             org.springframework.asm.ClassReader::readUTF8 (60 bytes)
Event: 191,187 Thread 0x00007fa71a03b000 nmethod 1222 0x0000000105aa1a90 code [0x0000000105aa1c00, 0x0000000105aa1ea8]
Event: 191,219 Thread 0x00007fa71a03b000 1224             java.nio.HeapByteBuffer::_get (7 bytes)
Event: 191,219 Thread 0x00007fa71a03b000 nmethod 1224 0x000000010591b050 code [0x000000010591b1a0, 0x000000010591b238]
Event: 191,228 Thread 0x00007fa71a03b000 1225             org.springframework.asm.ClassReader::<init> (237 bytes)
Event: 191,235 Thread 0x00007fa71a03b000 nmethod 1225 0x00000001059ae350 code [0x00000001059ae580, 0x00000001059ae998]

GC Heap History (10 events):
Event: 12,747 GC heap before
{Heap before GC invocations=7 (full 0):
 PSYoungGen      total 144896K, used 144159K [0x00000007d5500000, 0x00000007df000000, 0x0000000800000000)
  eden space 134144K, 100% used [0x00000007d5500000,0x00000007dd800000,0x00000007dd800000)
  from space 10752K, 93% used [0x00000007de380000,0x00000007ded47fc0,0x00000007dee00000)
  to   space 11776K, 0% used [0x00000007dd800000,0x00000007dd800000,0x00000007de380000)
 ParOldGen       total 87040K, used 11519K [0x0000000780000000, 0x0000000785500000, 0x00000007d5500000)
  object space 87040K, 13% used [0x0000000780000000,0x0000000780b3ff58,0x0000000785500000)
 PSPermGen       total 21504K, used 18772K [0x000000077ae00000, 0x000000077c300000, 0x0000000780000000)
  object space 21504K, 87% used [0x000000077ae00000,0x000000077c055210,0x000000077c300000)
Event: 12,900 GC heap after
Heap after GC invocations=7 (full 0):
 PSYoungGen      total 145920K, used 11751K [0x00000007d5500000, 0x00000007e9700000, 0x0000000800000000)
  eden space 134144K, 0% used [0x00000007d5500000,0x00000007d5500000,0x00000007dd800000)
  from space 11776K, 99% used [0x00000007dd800000,0x00000007de379c88,0x00000007de380000)
  to   space 30720K, 0% used [0x00000007e7900000,0x00000007e7900000,0x00000007e9700000)
 ParOldGen       total 87040K, used 46397K [0x0000000780000000, 0x0000000785500000, 0x00000007d5500000)
  object space 87040K, 53% used [0x0000000780000000,0x0000000782d4f518,0x0000000785500000)
 PSPermGen       total 21504K, used 18772K [0x000000077ae00000, 0x000000077c300000, 0x0000000780000000)
  object space 21504K, 87% used [0x000000077ae00000,0x000000077c055210,0x000000077c300000)
}
Event: 14,738 GC heap before
{Heap before GC invocations=8 (full 0):
 PSYoungGen      total 145920K, used 145895K [0x00000007d5500000, 0x00000007e9700000, 0x0000000800000000)
  eden space 134144K, 100% used [0x00000007d5500000,0x00000007dd800000,0x00000007dd800000)
  from space 11776K, 99% used [0x00000007dd800000,0x00000007de379c88,0x00000007de380000)
  to   space 30720K, 0% used [0x00000007e7900000,0x00000007e7900000,0x00000007e9700000)
 ParOldGen       total 87040K, used 46397K [0x0000000780000000, 0x0000000785500000, 0x00000007d5500000)
  object space 87040K, 53% used [0x0000000780000000,0x0000000782d4f518,0x0000000785500000)
 PSPermGen       total 21504K, used 18785K [0x000000077ae00000, 0x000000077c300000, 0x0000000780000000)
  object space 21504K, 87% used [0x000000077ae00000,0x000000077c0587e8,0x000000077c300000)
Event: 14,908 GC heap after
Heap after GC invocations=8 (full 0):
 PSYoungGen      total 285184K, used 30709K [0x00000007d5500000, 0x00000007eb200000, 0x0000000800000000)
  eden space 254464K, 0% used [0x00000007d5500000,0x00000007d5500000,0x00000007e4d80000)
  from space 30720K, 99% used [0x00000007e7900000,0x00000007e96fd728,0x00000007e9700000)
  to   space 44544K, 0% used [0x00000007e4d80000,0x00000007e4d80000,0x00000007e7900000)
 ParOldGen       total 87040K, used 65292K [0x0000000780000000, 0x0000000785500000, 0x00000007d5500000)
  object space 87040K, 75% used [0x0000000780000000,0x0000000783fc3040,0x0000000785500000)
 PSPermGen       total 21504K, used 18785K [0x000000077ae00000, 0x000000077c300000, 0x0000000780000000)
  object space 21504K, 87% used [0x000000077ae00000,0x000000077c0587e8,0x000000077c300000)
}
Event: 14,908 GC heap before
{Heap before GC invocations=9 (full 1):
 PSYoungGen      total 285184K, used 30709K [0x00000007d5500000, 0x00000007eb200000, 0x0000000800000000)
  eden space 254464K, 0% used [0x00000007d5500000,0x00000007d5500000,0x00000007e4d80000)
  from space 30720K, 99% used [0x00000007e7900000,0x00000007e96fd728,0x00000007e9700000)
  to   space 44544K, 0% used [0x00000007e4d80000,0x00000007e4d80000,0x00000007e7900000)
 ParOldGen       total 87040K, used 65292K [0x0000000780000000, 0x0000000785500000, 0x00000007d5500000)
  object space 87040K, 75% used [0x0000000780000000,0x0000000783fc3040,0x0000000785500000)
 PSPermGen       total 21504K, used 18785K [0x000000077ae00000, 0x000000077c300000, 0x0000000780000000)
  object space 21504K, 87% used [0x000000077ae00000,0x000000077c0587e8,0x000000077c300000)
Event: 15,339 GC heap after
Heap after GC invocations=9 (full 1):
 PSYoungGen      total 285184K, used 0K [0x00000007d5500000, 0x00000007eb200000, 0x0000000800000000)
  eden space 254464K, 0% used [0x00000007d5500000,0x00000007d5500000,0x00000007e4d80000)
  from space 30720K, 0% used [0x00000007e7900000,0x00000007e7900000,0x00000007e9700000)
  to   space 44544K, 0% used [0x00000007e4d80000,0x00000007e4d80000,0x00000007e7900000)
 ParOldGen       total 125952K, used 53904K [0x0000000780000000, 0x0000000787b00000, 0x00000007d5500000)
  object space 125952K, 42% used [0x0000000780000000,0x00000007834a4278,0x0000000787b00000)
 PSPermGen       total 37888K, used 18779K [0x000000077ae00000, 0x000000077d300000, 0x0000000780000000)
  object space 37888K, 49% used [0x000000077ae00000,0x000000077c056e30,0x000000077d300000)
}
Event: 21,917 GC heap before
{Heap before GC invocations=10 (full 1):
 PSYoungGen      total 285184K, used 254464K [0x00000007d5500000, 0x00000007eb200000, 0x0000000800000000)
  eden space 254464K, 100% used [0x00000007d5500000,0x00000007e4d80000,0x00000007e4d80000)
  from space 30720K, 0% used [0x00000007e7900000,0x00000007e7900000,0x00000007e9700000)
  to   space 44544K, 0% used [0x00000007e4d80000,0x00000007e4d80000,0x00000007e7900000)
 ParOldGen       total 125952K, used 53904K [0x0000000780000000, 0x0000000787b00000, 0x00000007d5500000)
  object space 125952K, 42% used [0x0000000780000000,0x00000007834a4278,0x0000000787b00000)
 PSPermGen       total 43008K, used 42934K [0x000000077ae00000, 0x000000077d800000, 0x0000000780000000)
  object space 43008K, 99% used [0x000000077ae00000,0x000000077d7eda88,0x000000077d800000)
Event: 22,023 GC heap after
Heap after GC invocations=10 (full 1):
 PSYoungGen      total 299008K, used 41236K [0x00000007d5500000, 0x00000007f0680000, 0x0000000800000000)
  eden space 254464K, 0% used [0x00000007d5500000,0x00000007d5500000,0x00000007e4d80000)
  from space 44544K, 92% used [0x00000007e4d80000,0x00000007e75c5208,0x00000007e7900000)
  to   space 51200K, 0% used [0x00000007ed480000,0x00000007ed480000,0x00000007f0680000)
 ParOldGen       total 125952K, used 53904K [0x0000000780000000, 0x0000000787b00000, 0x00000007d5500000)
  object space 125952K, 42% used [0x0000000780000000,0x00000007834a4278,0x0000000787b00000)
 PSPermGen       total 43008K, used 42934K [0x000000077ae00000, 0x000000077d800000, 0x0000000780000000)
  object space 43008K, 99% used [0x000000077ae00000,0x000000077d7eda88,0x000000077d800000)
}
Event: 188,169 GC heap before
{Heap before GC invocations=11 (full 1):
 PSYoungGen      total 299008K, used 295700K [0x00000007d5500000, 0x00000007f0680000, 0x0000000800000000)
  eden space 254464K, 100% used [0x00000007d5500000,0x00000007e4d80000,0x00000007e4d80000)
  from space 44544K, 92% used [0x00000007e4d80000,0x00000007e75c5208,0x00000007e7900000)
  to   space 51200K, 0% used [0x00000007ed480000,0x00000007ed480000,0x00000007f0680000)
 ParOldGen       total 125952K, used 53904K [0x0000000780000000, 0x0000000787b00000, 0x00000007d5500000)
  object space 125952K, 42% used [0x0000000780000000,0x00000007834a4278,0x0000000787b00000)
 PSPermGen       total 52224K, used 51768K [0x000000077ae00000, 0x000000077e100000, 0x0000000780000000)
  object space 52224K, 99% used [0x000000077ae00000,0x000000077e08e158,0x000000077e100000)
Event: 188,328 GC heap after
Heap after GC invocations=11 (full 1):
 PSYoungGen      total 381952K, used 49372K [0x00000007d5500000, 0x00000007f0c00000, 0x0000000800000000)
  eden space 330752K, 0% used [0x00000007d5500000,0x00000007d5500000,0x00000007e9800000)
  from space 51200K, 96% used [0x00000007ed480000,0x00000007f04b7318,0x00000007f0680000)
  to   space 59392K, 0% used [0x00000007e9800000,0x00000007e9800000,0x00000007ed200000)
 ParOldGen       total 125952K, used 53904K [0x0000000780000000, 0x0000000787b00000, 0x00000007d5500000)
  object space 125952K, 42% used [0x0000000780000000,0x00000007834a4278,0x0000000787b00000)
 PSPermGen       total 52224K, used 51768K [0x000000077ae00000, 0x000000077e100000, 0x0000000780000000)
  object space 52224K, 99% used [0x000000077ae00000,0x000000077e08e158,0x000000077e100000)
}

Deoptimization events (10 events):
Event: 186,944 Thread 0x00007fa71dee4000 Uncommon trap: reason=unreached action=reinterpret pc=0x0000000105953b1c method=org.eclipse.jetty.util.resource.JarResource.checkConnection()Z @ 42
Event: 186,944 Thread 0x00007fa71dee4000 Uncommon trap: reason=unreached action=reinterpret pc=0x0000000105956f3c method=org.eclipse.jetty.util.resource.JarResource.checkConnection()Z @ 42
Event: 187,215 Thread 0x00007fa719aa4800 Uncommon trap: reason=unreached action=reinterpret pc=0x0000000105923520 method=java.util.concurrent.ConcurrentHashMap.containsKey(Ljava/lang/Object;)Z @ 47
Event: 187,216 Thread 0x00007fa719aa4800 Uncommon trap: reason=unreached action=reinterpret pc=0x000000010592084c method=java.util.concurrent.ConcurrentHashMap.containsKey(Ljava/lang/Object;)Z @ 47
Event: 187,299 Thread 0x00007fa71a2e1000 Uncommon trap: reason=class_check action=maybe_recompile pc=0x0000000105923f3c method=org.objectweb.asm.ClassReader.a(Ljava/io/InputStream;Z)[B @ 16
Event: 188,486 Thread 0x00007fa71a015000 Uncommon trap: reason=unreached action=reinterpret pc=0x00000001059bae3c method=org.eclipse.jetty.util.resource.JarFileResource.close()V @ 26
Event: 190,056 Thread 0x00007fa71dee4000 Uncommon trap: reason=null_check action=make_not_entrant pc=0x0000000105a51554 method=org.apache.tomcat.util.digester.RulesBase.lookup(Ljava/lang/String;Ljava/lang/String;)Ljava/util/List; @ 76
Event: 190,056 Thread 0x00007fa71dee4000 Uncommon trap: reason=null_check action=make_not_entrant pc=0x0000000105a167b8 method=com.sun.org.apache.xerces.internal.utils.XMLLimitAnalyzer.isTracking(Ljava/lang/String;)Z @ 14
Event: 190,061 Thread 0x00007fa71dee4000 Uncommon trap: reason=null_check action=make_not_entrant pc=0x0000000105a06edc method=com.sun.org.apache.xerces.internal.utils.XMLLimitAnalyzer.isTracking(Ljava/lang/String;)Z @ 14
Event: 190,062 Thread 0x00007fa71dee4000 Uncommon trap: reason=null_check action=make_not_entrant pc=0x0000000105a05e20 method=com.sun.org.apache.xerces.internal.utils.XMLLimitAnalyzer.isTracking(Ljava/lang/String;)Z @ 14

Internal exceptions (10 events):
Event: 191,156 Thread 0x00007fa71dee4000 Threw 0x00000007e6079b38 at /HUDSON/workspace/7u-2-build-macosx-x86_64/jdk7u51/527/hotspot/src/share/vm/prims/jvm.cpp:1244
Event: 191,156 Thread 0x00007fa71dee4000 Threw 0x00000007e607a3f0 at /HUDSON/workspace/7u-2-build-macosx-x86_64/jdk7u51/527/hotspot/src/share/vm/prims/jvm.cpp:1244
Event: 191,157 Thread 0x00007fa71dee4000 Threw 0x00000007e607ffb8 at /HUDSON/workspace/7u-2-build-macosx-x86_64/jdk7u51/527/hotspot/src/share/vm/prims/jvm.cpp:1244
Event: 191,157 Thread 0x00007fa71dee4000 Threw 0x00000007e6084588 at /HUDSON/workspace/7u-2-build-macosx-x86_64/jdk7u51/527/hotspot/src/share/vm/prims/jvm.cpp:1244
Event: 191,157 Thread 0x00007fa71dee4000 Threw 0x00000007e6085ef8 at /HUDSON/workspace/7u-2-build-macosx-x86_64/jdk7u51/527/hotspot/src/share/vm/prims/jvm.cpp:1244
Event: 191,157 Thread 0x00007fa71dee4000 Threw 0x00000007e6086798 at /HUDSON/workspace/7u-2-build-macosx-x86_64/jdk7u51/527/hotspot/src/share/vm/prims/jvm.cpp:1244
Event: 191,157 Thread 0x00007fa71dee4000 Threw 0x00000007e608b9a8 at /HUDSON/workspace/7u-2-build-macosx-x86_64/jdk7u51/527/hotspot/src/share/vm/prims/jvm.cpp:1244
Event: 191,157 Thread 0x00007fa71dee4000 Threw 0x00000007e608ff78 at /HUDSON/workspace/7u-2-build-macosx-x86_64/jdk7u51/527/hotspot/src/share/vm/prims/jvm.cpp:1244
Event: 191,157 Thread 0x00007fa71dee4000 Threw 0x00000007e60918e8 at /HUDSON/workspace/7u-2-build-macosx-x86_64/jdk7u51/527/hotspot/src/share/vm/prims/jvm.cpp:1244
Event: 191,157 Thread 0x00007fa71dee4000 Threw 0x00000007e6092188 at /HUDSON/workspace/7u-2-build-macosx-x86_64/jdk7u51/527/hotspot/src/share/vm/prims/jvm.cpp:1244

Events (10 events):
Event: 191,156 loading class 0x00007fa7197b3f70
Event: 191,156 loading class 0x00007fa7197b3f70 done
Event: 191,157 loading class 0x00007fa7197b3f70
Event: 191,157 loading class 0x00007fa7197b3f70 done
Event: 191,157 loading class 0x00007fa71e009da0
Event: 191,157 loading class 0x00007fa71e009da0 done
Event: 191,157 loading class 0x00007fa71e009da0
Event: 191,157 loading class 0x00007fa71e009da0 done
Event: 191,157 loading class 0x00007fa71e009da0
Event: 191,157 loading class 0x00007fa71e009da0 done


Dynamic libraries:
0x000000000ceec000 	/System/Library/Frameworks/Cocoa.framework/Versions/A/Cocoa
0x000000000ceec000 	/System/Library/Frameworks/Security.framework/Versions/A/Security
0x000000000ceec000 	/System/Library/Frameworks/ApplicationServices.framework/Versions/A/ApplicationServices
0x000000000ceec000 	/usr/lib/libz.1.dylib
0x000000000ceec000 	/usr/lib/libSystem.B.dylib
0x000000000ceec000 	/usr/lib/libobjc.A.dylib
0x000000000ceec000 	/System/Library/Frameworks/CoreFoundation.framework/Versions/A/CoreFoundation
0x000000000ceec000 	/System/Library/Frameworks/Foundation.framework/Versions/C/Foundation
0x000000000ceec000 	/System/Library/Frameworks/AppKit.framework/Versions/C/AppKit
0x000000000ceec000 	/System/Library/Frameworks/CoreData.framework/Versions/A/CoreData
0x000000000ceec000 	/System/Library/PrivateFrameworks/RemoteViewServices.framework/Versions/A/RemoteViewServices
0x000000000ceec000 	/System/Library/PrivateFrameworks/UIFoundation.framework/Versions/A/UIFoundation
0x000000000ceec000 	/System/Library/Frameworks/IOSurface.framework/Versions/A/IOSurface
0x000000000ceec000 	/System/Library/Frameworks/AudioToolbox.framework/Versions/A/AudioToolbox
0x000000000ceec000 	/System/Library/Frameworks/AudioUnit.framework/Versions/A/AudioUnit
0x000000000ceec000 	/System/Library/PrivateFrameworks/DataDetectorsCore.framework/Versions/A/DataDetectorsCore
0x000000000ceec000 	/System/Library/PrivateFrameworks/DesktopServicesPriv.framework/Versions/A/DesktopServicesPriv
0x000000000ceec000 	/System/Library/Frameworks/Carbon.framework/Versions/A/Frameworks/HIToolbox.framework/Versions/A/HIToolbox
0x000000000ceec000 	/System/Library/Frameworks/QuartzCore.framework/Versions/A/QuartzCore
0x000000000ceec000 	/System/Library/Frameworks/Carbon.framework/Versions/A/Frameworks/SpeechRecognition.framework/Versions/A/SpeechRecognition
0x000000000ceec000 	/usr/lib/libauto.dylib
0x000000000ceec000 	/usr/lib/libicucore.A.dylib
0x000000000ceec000 	/usr/lib/libxml2.2.dylib
0x000000000ceec000 	/System/Library/PrivateFrameworks/CoreUI.framework/Versions/A/CoreUI
0x000000000ceec000 	/System/Library/Frameworks/CoreAudio.framework/Versions/A/CoreAudio
0x000000000ceec000 	/System/Library/Frameworks/DiskArbitration.framework/Versions/A/DiskArbitration
0x000000000ceec000 	/usr/lib/liblangid.dylib
0x000000000ceec000 	/System/Library/PrivateFrameworks/MultitouchSupport.framework/Versions/A/MultitouchSupport
0x000000000ceec000 	/System/Library/Frameworks/IOKit.framework/Versions/A/IOKit
0x000000000ceec000 	/usr/lib/libDiagnosticMessagesClient.dylib
0x000000000ceec000 	/System/Library/Frameworks/CoreServices.framework/Versions/A/CoreServices
0x000000000ceec000 	/System/Library/PrivateFrameworks/PerformanceAnalysis.framework/Versions/A/PerformanceAnalysis
0x000000000ceec000 	/System/Library/PrivateFrameworks/GenerationalStorage.framework/Versions/A/GenerationalStorage
0x000000000ceec000 	/System/Library/Frameworks/OpenGL.framework/Versions/A/OpenGL
0x000000000ceec000 	/System/Library/PrivateFrameworks/Sharing.framework/Versions/A/Sharing
0x000000000ceec000 	/System/Library/Frameworks/CoreGraphics.framework/Versions/A/CoreGraphics
0x000000000ceec000 	/System/Library/Frameworks/CoreText.framework/Versions/A/CoreText
0x000000000ceec000 	/System/Library/Frameworks/ImageIO.framework/Versions/A/ImageIO
0x000000000ceec000 	/usr/lib/libextension.dylib
0x000000000ceec000 	/System/Library/PrivateFrameworks/Backup.framework/Versions/A/Backup
0x000000000ceec000 	/usr/lib/libarchive.2.dylib
0x000000000ceec000 	/System/Library/Frameworks/CFNetwork.framework/Versions/A/CFNetwork
0x000000000ceec000 	/System/Library/Frameworks/SystemConfiguration.framework/Versions/A/SystemConfiguration
0x000000000ceec000 	/usr/lib/libCRFSuite.dylib
0x000000000ceec000 	/usr/lib/libc++.1.dylib
0x000000000ceec000 	/usr/lib/libc++abi.dylib
0x000000000ceec000 	/usr/lib/system/libcache.dylib
0x000000000ceec000 	/usr/lib/system/libcommonCrypto.dylib
0x000000000ceec000 	/usr/lib/system/libcompiler_rt.dylib
0x000000000ceec000 	/usr/lib/system/libcopyfile.dylib
0x000000000ceec000 	/usr/lib/system/libcorecrypto.dylib
0x000000000ceec000 	/usr/lib/system/libdispatch.dylib
0x000000000ceec000 	/usr/lib/system/libdyld.dylib
0x000000000ceec000 	/usr/lib/system/libkeymgr.dylib
0x000000000ceec000 	/usr/lib/system/liblaunch.dylib
0x000000000ceec000 	/usr/lib/system/libmacho.dylib
0x000000000ceec000 	/usr/lib/system/libquarantine.dylib
0x000000000ceec000 	/usr/lib/system/libremovefile.dylib
0x000000000ceec000 	/usr/lib/system/libsystem_asl.dylib
0x000000000ceec000 	/usr/lib/system/libsystem_blocks.dylib
0x000000000ceec000 	/usr/lib/system/libsystem_c.dylib
0x000000000ceec000 	/usr/lib/system/libsystem_configuration.dylib
0x000000000ceec000 	/usr/lib/system/libsystem_coreservices.dylib
0x000000000ceec000 	/usr/lib/system/libsystem_coretls.dylib
0x000000000ceec000 	/usr/lib/system/libsystem_dnssd.dylib
0x000000000ceec000 	/usr/lib/system/libsystem_info.dylib
0x000000000ceec000 	/usr/lib/system/libsystem_kernel.dylib
0x000000000ceec000 	/usr/lib/system/libsystem_m.dylib
0x000000000ceec000 	/usr/lib/system/libsystem_malloc.dylib
0x000000000ceec000 	/usr/lib/system/libsystem_network.dylib
0x000000000ceec000 	/usr/lib/system/libsystem_networkextension.dylib
0x000000000ceec000 	/usr/lib/system/libsystem_notify.dylib
0x000000000ceec000 	/usr/lib/system/libsystem_platform.dylib
0x000000000ceec000 	/usr/lib/system/libsystem_pthread.dylib
0x000000000ceec000 	/usr/lib/system/libsystem_sandbox.dylib
0x000000000ceec000 	/usr/lib/system/libsystem_secinit.dylib
0x000000000ceec000 	/usr/lib/system/libsystem_stats.dylib
0x000000000ceec000 	/usr/lib/system/libsystem_trace.dylib
0x000000000ceec000 	/usr/lib/system/libunc.dylib
0x000000000ceec000 	/usr/lib/system/libunwind.dylib
0x000000000ceec000 	/usr/lib/system/libxpc.dylib
0x000000000ceec000 	/usr/lib/libbz2.1.0.dylib
0x000000000ceec000 	/usr/lib/liblzma.5.dylib
0x000000000ceec000 	/usr/lib/libbsm.0.dylib
0x000000000ceec000 	/usr/lib/libsqlite3.dylib
0x000000000ceec000 	/usr/lib/system/libkxld.dylib
0x000000000ceec000 	/usr/lib/libxar.1.dylib
0x000000000ceec000 	/usr/lib/libpam.2.dylib
0x000000000ceec000 	/usr/lib/libOpenScriptingUtil.dylib
0x000000000ceec000 	/System/Library/Frameworks/CoreServices.framework/Versions/A/Frameworks/FSEvents.framework/Versions/A/FSEvents
0x000000000ceec000 	/System/Library/Frameworks/CoreServices.framework/Versions/A/Frameworks/CarbonCore.framework/Versions/A/CarbonCore
0x000000000ceec000 	/System/Library/Frameworks/CoreServices.framework/Versions/A/Frameworks/Metadata.framework/Versions/A/Metadata
0x000000000ceec000 	/System/Library/Frameworks/CoreServices.framework/Versions/A/Frameworks/OSServices.framework/Versions/A/OSServices
0x000000000ceec000 	/System/Library/Frameworks/CoreServices.framework/Versions/A/Frameworks/SearchKit.framework/Versions/A/SearchKit
0x000000000ceec000 	/System/Library/Frameworks/CoreServices.framework/Versions/A/Frameworks/AE.framework/Versions/A/AE
0x000000000ceec000 	/System/Library/Frameworks/CoreServices.framework/Versions/A/Frameworks/LaunchServices.framework/Versions/A/LaunchServices
0x000000000ceec000 	/System/Library/Frameworks/CoreServices.framework/Versions/A/Frameworks/DictionaryServices.framework/Versions/A/DictionaryServices
0x000000000ceec000 	/System/Library/Frameworks/NetFS.framework/Versions/A/NetFS
0x000000000ceec000 	/System/Library/PrivateFrameworks/NetAuth.framework/Versions/A/NetAuth
0x000000000ceec000 	/System/Library/PrivateFrameworks/login.framework/Versions/A/Frameworks/loginsupport.framework/Versions/A/loginsupport
0x000000000ceec000 	/System/Library/PrivateFrameworks/TCC.framework/Versions/A/TCC
0x000000000ceec000 	/usr/lib/libmecabra.dylib
0x000000000ceec000 	/System/Library/Frameworks/ApplicationServices.framework/Versions/A/Frameworks/ATS.framework/Versions/A/ATS
0x000000000ceec000 	/System/Library/Frameworks/ApplicationServices.framework/Versions/A/Frameworks/ColorSync.framework/Versions/A/ColorSync
0x000000000ceec000 	/System/Library/Frameworks/ApplicationServices.framework/Versions/A/Frameworks/HIServices.framework/Versions/A/HIServices
0x000000000ceec000 	/System/Library/Frameworks/ApplicationServices.framework/Versions/A/Frameworks/LangAnalysis.framework/Versions/A/LangAnalysis
0x000000000ceec000 	/System/Library/Frameworks/ApplicationServices.framework/Versions/A/Frameworks/PrintCore.framework/Versions/A/PrintCore
0x000000000ceec000 	/System/Library/Frameworks/ApplicationServices.framework/Versions/A/Frameworks/QD.framework/Versions/A/QD
0x000000000ceec000 	/System/Library/Frameworks/ApplicationServices.framework/Versions/A/Frameworks/SpeechSynthesis.framework/Versions/A/SpeechSynthesis
0x000000000ceec000 	/System/Library/Frameworks/Accelerate.framework/Versions/A/Accelerate
0x000000000ceec000 	/System/Library/Frameworks/Accelerate.framework/Versions/A/Frameworks/vImage.framework/Versions/A/vImage
0x000000000ceec000 	/System/Library/Frameworks/Accelerate.framework/Versions/A/Frameworks/vecLib.framework/Versions/A/vecLib
0x000000000ceec000 	/System/Library/Frameworks/Accelerate.framework/Versions/A/Frameworks/vecLib.framework/Versions/A/libvDSP.dylib
0x000000000ceec000 	/System/Library/Frameworks/Accelerate.framework/Versions/A/Frameworks/vecLib.framework/Versions/A/libvMisc.dylib
0x000000000ceec000 	/System/Library/Frameworks/Accelerate.framework/Versions/A/Frameworks/vecLib.framework/Versions/A/libLAPACK.dylib
0x000000000ceec000 	/System/Library/Frameworks/Accelerate.framework/Versions/A/Frameworks/vecLib.framework/Versions/A/libBLAS.dylib
0x000000000ceec000 	/System/Library/Frameworks/Accelerate.framework/Versions/A/Frameworks/vecLib.framework/Versions/A/libLinearAlgebra.dylib
0x000000000ceec000 	/System/Library/Frameworks/ApplicationServices.framework/Versions/A/Frameworks/ATS.framework/Versions/A/Resources/libFontParser.dylib
0x000000000ceec000 	/System/Library/Frameworks/ApplicationServices.framework/Versions/A/Frameworks/ATS.framework/Versions/A/Resources/libFontRegistry.dylib
0x000000000ceec000 	/System/Library/PrivateFrameworks/AppleVPA.framework/Versions/A/AppleVPA
0x000000000ceec000 	/System/Library/PrivateFrameworks/AppleJPEG.framework/Versions/A/AppleJPEG
0x000000000ceec000 	/System/Library/Frameworks/ImageIO.framework/Versions/A/Resources/libJPEG.dylib
0x000000000ceec000 	/System/Library/Frameworks/ImageIO.framework/Versions/A/Resources/libTIFF.dylib
0x000000000ceec000 	/System/Library/Frameworks/ImageIO.framework/Versions/A/Resources/libPng.dylib
0x000000000ceec000 	/System/Library/Frameworks/ImageIO.framework/Versions/A/Resources/libGIF.dylib
0x000000000ceec000 	/System/Library/Frameworks/ImageIO.framework/Versions/A/Resources/libJP2.dylib
0x000000000ceec000 	/System/Library/Frameworks/ImageIO.framework/Versions/A/Resources/libRadiance.dylib
0x000000000ceec000 	/System/Library/Frameworks/CoreVideo.framework/Versions/A/CoreVideo
0x000000000ceec000 	/System/Library/Frameworks/OpenGL.framework/Versions/A/Libraries/libGLU.dylib
0x000000000ceec000 	/System/Library/Frameworks/OpenGL.framework/Versions/A/Libraries/libGFXShared.dylib
0x000000000ceec000 	/System/Library/Frameworks/OpenGL.framework/Versions/A/Libraries/libGL.dylib
0x000000000ceec000 	/System/Library/Frameworks/OpenGL.framework/Versions/A/Libraries/libGLImage.dylib
0x000000000ceec000 	/System/Library/Frameworks/OpenGL.framework/Versions/A/Libraries/libCVMSPluginSupport.dylib
0x000000000ceec000 	/System/Library/Frameworks/OpenGL.framework/Versions/A/Libraries/libCoreVMClient.dylib
0x000000000ceec000 	/usr/lib/libcups.2.dylib
0x000000000ceec000 	/System/Library/Frameworks/Kerberos.framework/Versions/A/Kerberos
0x000000000ceec000 	/System/Library/Frameworks/GSS.framework/Versions/A/GSS
0x000000000ceec000 	/usr/lib/libresolv.9.dylib
0x000000000ceec000 	/usr/lib/libiconv.2.dylib
0x000000000ceec000 	/System/Library/PrivateFrameworks/Heimdal.framework/Versions/A/Heimdal
0x000000000ceec000 	/usr/lib/libheimdal-asn1.dylib
0x000000000ceec000 	/System/Library/Frameworks/OpenDirectory.framework/Versions/A/OpenDirectory
0x000000000ceec000 	/System/Library/PrivateFrameworks/CommonAuth.framework/Versions/A/CommonAuth
0x000000000ceec000 	/System/Library/Frameworks/OpenDirectory.framework/Versions/A/Frameworks/CFOpenDirectory.framework/Versions/A/CFOpenDirectory
0x000000000ceec000 	/System/Library/Frameworks/SecurityFoundation.framework/Versions/A/SecurityFoundation
0x000000000ceec000 	/System/Library/PrivateFrameworks/LanguageModeling.framework/Versions/A/LanguageModeling
0x000000000ceec000 	/usr/lib/libcmph.dylib
0x000000000ceec000 	/System/Library/Frameworks/ServiceManagement.framework/Versions/A/ServiceManagement
0x000000000ceec000 	/usr/lib/libxslt.1.dylib
0x000000000ceec000 	/System/Library/Frameworks/Carbon.framework/Versions/A/Frameworks/Ink.framework/Versions/A/Ink
0x000000000ceec000 	/System/Library/Frameworks/QuartzCore.framework/Versions/A/Frameworks/CoreImage.framework/Versions/A/CoreImage
0x000000000ceec000 	/System/Library/PrivateFrameworks/CrashReporterSupport.framework/Versions/A/CrashReporterSupport
0x000000000ceec000 	/System/Library/Frameworks/OpenCL.framework/Versions/A/OpenCL
0x000000000ceec000 	/System/Library/PrivateFrameworks/FaceCore.framework/Versions/A/FaceCore
0x000000000ceec000 	/System/Library/PrivateFrameworks/Ubiquity.framework/Versions/A/Ubiquity
0x000000000ceec000 	/System/Library/PrivateFrameworks/IconServices.framework/Versions/A/IconServices
0x000000000ceec000 	/System/Library/PrivateFrameworks/ChunkingLibrary.framework/Versions/A/ChunkingLibrary
0x000000000ceec000 	/System/Library/PrivateFrameworks/Apple80211.framework/Versions/A/Apple80211
0x000000000ceec000 	/System/Library/Frameworks/CoreWLAN.framework/Versions/A/CoreWLAN
0x000000000ceec000 	/System/Library/Frameworks/IOBluetooth.framework/Versions/A/IOBluetooth
0x000000000ceec000 	/System/Library/PrivateFrameworks/CoreWiFi.framework/Versions/A/CoreWiFi
0x000000000ceec000 	/System/Library/Frameworks/CoreBluetooth.framework/Versions/A/CoreBluetooth
0x000000000ceec000 	/System/Library/PrivateFrameworks/DebugSymbols.framework/Versions/A/DebugSymbols
0x000000000ceec000 	/System/Library/PrivateFrameworks/CoreSymbolication.framework/Versions/A/CoreSymbolication
0x000000000ceec000 	/System/Library/PrivateFrameworks/Symbolication.framework/Versions/A/Symbolication
0x000000000ceec000 	/System/Library/PrivateFrameworks/SpeechRecognitionCore.framework/Versions/A/SpeechRecognitionCore
0x0000000104c00000 	/Library/Java/JavaVirtualMachines/jdk1.7.0_51.jdk/Contents/Home/jre/lib/server/libjvm.dylib
0x000000000ceec000 	/usr/lib/libstdc++.6.dylib
0x0000000104716000 	/Library/Java/JavaVirtualMachines/jdk1.7.0_51.jdk/Contents/Home/jre/lib/libverify.dylib
0x0000000104723000 	/Library/Java/JavaVirtualMachines/jdk1.7.0_51.jdk/Contents/Home/jre/lib/libjava.dylib
0x000000010475d000 	/Library/Java/JavaVirtualMachines/jdk1.7.0_51.jdk/Contents/Home/jre/lib/libzip.dylib
0x00000001047e2000 	/System/Library/Frameworks/JavaVM.framework/Frameworks/JavaRuntimeSupport.framework/JavaRuntimeSupport
0x000000010e701000 	/System/Library/Frameworks/JavaVM.framework/Versions/A/Frameworks/JavaNativeFoundation.framework/Versions/A/JavaNativeFoundation
0x000000010e716000 	/System/Library/Frameworks/JavaVM.framework/Versions/A/JavaVM
0x000000000ceec000 	/System/Library/Frameworks/Carbon.framework/Versions/A/Carbon
0x000000010e723000 	/System/Library/PrivateFrameworks/JavaLaunching.framework/Versions/A/JavaLaunching
0x000000000ceec000 	/System/Library/Frameworks/Carbon.framework/Versions/A/Frameworks/CommonPanels.framework/Versions/A/CommonPanels
0x000000000ceec000 	/System/Library/Frameworks/Carbon.framework/Versions/A/Frameworks/Help.framework/Versions/A/Help
0x000000000ceec000 	/System/Library/Frameworks/Carbon.framework/Versions/A/Frameworks/ImageCapture.framework/Versions/A/ImageCapture
0x000000000ceec000 	/System/Library/Frameworks/Carbon.framework/Versions/A/Frameworks/OpenScripting.framework/Versions/A/OpenScripting
0x000000000ceec000 	/System/Library/Frameworks/Carbon.framework/Versions/A/Frameworks/Print.framework/Versions/A/Print
0x000000000ceec000 	/System/Library/Frameworks/Carbon.framework/Versions/A/Frameworks/SecurityHI.framework/Versions/A/SecurityHI
0x0000000110552000 	/Library/Java/JavaVirtualMachines/jdk1.7.0_51.jdk/Contents/Home/jre/lib/libnio.dylib
0x0000000110561000 	/Library/Java/JavaVirtualMachines/jdk1.7.0_51.jdk/Contents/Home/jre/lib/./libnet.dylib
0x000000011064f000 	/Library/Java/JavaVirtualMachines/jdk1.7.0_51.jdk/Contents/Home/jre/lib/libmanagement.dylib

VM Arguments:
jvm_args: -Dclassworlds.conf=/usr/local/Cellar/maven/3.1.1/libexec/bin/m2.conf -Dmaven.home=/usr/local/Cellar/maven/3.1.1/libexec 
java_command: org.codehaus.plexus.classworlds.launcher.Launcher jetty:run
Launcher Type: SUN_STANDARD

Environment Variables:
JAVA_HOME=/Library/Java/JavaVirtualMachines/jdk1.7.0_51.jdk/Contents/Home
PATH=/Users/Admin/.gvm/vertx/current/bin:/Users/Admin/.gvm/springboot/current/bin:/Users/Admin/.gvm/lazybones/current/bin:/Users/Admin/.gvm/jbake/current/bin:/Users/Admin/.gvm/groovyserv/current/bin:/Users/Admin/.gvm/groovy/current/bin:/Users/Admin/.gvm/griffon/current/bin:/Users/Admin/.gvm/grails/current/bin:/Users/Admin/.gvm/gradle/current/bin:/Users/Admin/.gvm/glide/current/bin:/Users/Admin/.gvm/gaiden/current/bin:/Users/Admin/.gvm/crash/current/bin:/Users/Admin/.gvm/asciidoctorj/current/bin:/usr/local/rvm/gems/ruby-1.9.3-p392/bin:/usr/local/rvm/gems/ruby-1.9.3-p392@global/bin:/usr/local/rvm/rubies/ruby-1.9.3-p392/bin:/usr/local/rvm/bin:/usr/local/bin:/usr/bin:/bin:/usr/sbin:/sbin:/opt/sm/bin:/opt/sm/pkg/active/bin:/opt/sm/pkg/active/sbin:/usr/local/mysql/bin
SHELL=/bin/bash

Signal Handlers:
SIGSEGV: [libjvm.dylib+0x525425], sa_mask[0]=0xfffefeff, sa_flags=0x00000043
SIGBUS: [libjvm.dylib+0x525425], sa_mask[0]=0xfffefeff, sa_flags=0x00000042
SIGFPE: [libjvm.dylib+0x41892a], sa_mask[0]=0xfffefeff, sa_flags=0x00000042
SIGPIPE: [libjvm.dylib+0x41892a], sa_mask[0]=0xfffefeff, sa_flags=0x00000042
SIGXFSZ: [libjvm.dylib+0x41892a], sa_mask[0]=0xfffefeff, sa_flags=0x00000042
SIGILL: [libjvm.dylib+0x41892a], sa_mask[0]=0xfffefeff, sa_flags=0x00000042
SIGUSR1: SIG_DFL, sa_mask[0]=0x63807efb, sa_flags=0x00000000
SIGUSR2: [libjvm.dylib+0x41841c], sa_mask[0]=0x00000000, sa_flags=0x00000042
SIGHUP: [libjvm.dylib+0x4166ab], sa_mask[0]=0xfffefeff, sa_flags=0x00000042
SIGINT: [libjvm.dylib+0x4166ab], sa_mask[0]=0xfffefeff, sa_flags=0x00000042
SIGTERM: [libjvm.dylib+0x4166ab], sa_mask[0]=0xfffefeff, sa_flags=0x00000042
SIGQUIT: [libjvm.dylib+0x4166ab], sa_mask[0]=0xfffefeff, sa_flags=0x00000042


---------------  S Y S T E M  ---------------

OS:Bsduname:Darwin 14.1.0 Darwin Kernel Version 14.1.0: Mon Dec 22 23:10:38 PST 2014; root:xnu-2782.10.72~2/RELEASE_X86_64 x86_64
rlimit: STACK 8192k, CORE 0k, NPROC 709, NOFILE 10240, AS infinity
load average:2,13 2,48 2,99

CPU:total 2 (2 cores per cpu, 1 threads per core) family 6 model 23 stepping 10, cmov, cx8, fxsr, mmx, sse, sse2, sse3, ssse3, sse4.1, tsc

Memory: 4k page, physical 8388608k(2097152k free)

/proc/meminfo:


vm_info: Java HotSpot(TM) 64-Bit Server VM (24.51-b03) for bsd-amd64 JRE (1.7.0_51-b13), built on Dec 18 2013 18:45:56 by "java_re" with gcc 4.2.1 (Based on Apple Inc. build 5658) (LLVM build 2336.11.00)

time: Mon Mar 23 15:18:59 2015
elapsed time: 191 seconds

